<?xml version="1.0" encoding="UTF-8"?>
<testng-results skipped="0" failed="0" ignored="0" total="2" passed="2">
  <reporter-output>
  </reporter-output>
  <suite name="Default suite" duration-ms="50034" started-at="2021-08-08T17:09:47Z" finished-at="2021-08-08T17:10:38Z">
    <groups>
    </groups>
    <test name="Default test" duration-ms="50034" started-at="2021-08-08T17:09:47Z" finished-at="2021-08-08T17:10:38Z">
      <class name="test.BookingTest">
        <test-method status="PASS" signature="createDriver()[pri:0, instance:test.BookingTest@68c4039c]" name="createDriver" is-config="true" duration-ms="16" started-at="2021-08-08T17:09:47Z" finished-at="2021-08-08T17:09:48Z">
          <reporter-output>
          </reporter-output>
        </test-method> <!-- createDriver -->
        <test-method status="PASS" signature="openDriver()[pri:0, instance:test.BookingTest@68c4039c]" name="openDriver" is-config="true" duration-ms="4011" started-at="2021-08-08T17:09:48Z" finished-at="2021-08-08T17:09:52Z">
          <reporter-output>
          </reporter-output>
        </test-method> <!-- openDriver -->
        <test-method status="PASS" signature="searchDestination()[pri:1, instance:test.BookingTest@68c4039c]" name="searchDestination" duration-ms="9716" started-at="2021-08-08T17:09:52Z" finished-at="2021-08-08T17:10:01Z">
          <reporter-output>
          </reporter-output>
        </test-method> <!-- searchDestination -->
        <test-method status="PASS" signature="closeDriver()[pri:0, instance:test.BookingTest@68c4039c]" name="closeDriver" is-config="true" duration-ms="4134" started-at="2021-08-08T17:10:01Z" finished-at="2021-08-08T17:10:05Z">
          <reporter-output>
          </reporter-output>
        </test-method> <!-- closeDriver -->
        <test-method status="PASS" signature="openDriver()[pri:0, instance:test.BookingTest@68c4039c]" name="openDriver" is-config="true" duration-ms="2981" started-at="2021-08-08T17:10:05Z" finished-at="2021-08-08T17:10:08Z">
          <reporter-output>
          </reporter-output>
        </test-method> <!-- openDriver -->
        <test-method status="PASS" signature="findHotel()[pri:2, instance:test.BookingTest@68c4039c]" name="findHotel" duration-ms="25017" started-at="2021-08-08T17:10:08Z" finished-at="2021-08-08T17:10:33Z">
          <reporter-output>
          </reporter-output>
        </test-method> <!-- findHotel -->
        <test-method status="PASS" signature="closeDriver()[pri:0, instance:test.BookingTest@68c4039c]" name="closeDriver" is-config="true" duration-ms="4156" started-at="2021-08-08T17:10:33Z" finished-at="2021-08-08T17:10:38Z">
          <reporter-output>
          </reporter-output>
        </test-method> <!-- closeDriver -->
      </class> <!-- test.BookingTest -->
    </test> <!-- Default test -->
  </suite> <!-- Default suite -->
</testng-results>
